<?xml version="1.0" encoding="UTF-8" ?>
<testsuite tests="10" failures="0" name="LionTest" time="0.079" errors="0" skipped="0">
  <properties>
[...]
</properties>
  <testcase classname="LionTest" name="getKittensShowLionCountTest[0]" time="0"/>
  <testcase classname="LionTest" name="doesHaveManeIndicateSexTest[0]" time="0"/>
  <testcase classname="LionTest" name="getFoodGetListOfFoodTest[0]" time="0.056"/>
  <testcase classname="LionTest" name="doesHaveManeIncorrectValueShowErrorTest[0]" time="0"/>
  <testcase classname="LionTest" name="getKittensWithMockGetTrueTest[0]" time="0.005"/>
  <testcase classname="LionTest" name="getKittensShowLionCountTest[1]" time="0.007"/>
  <testcase classname="LionTest" name="doesHaveManeIndicateSexTest[1]" time="0"/>
  <testcase classname="LionTest" name="getFoodGetListOfFoodTest[1]" time="0.001"/>
  <testcase classname="LionTest" name="doesHaveManeIncorrectValueShowErrorTest[1]" time="0.004"/>
  <testcase classname="LionTest" name="getKittensWithMockGetTrueTest[1]" time="0.006"/>
</testsuite>